2022-01-24T01:06:07.050191Z 0 [Warning] TIMESTAMP with implicit DEFAULT value is deprecated. Please use --explicit_defaults_for_timestamp server option (see documentation for more details).
2022-01-24T01:06:07.328638Z 0 [Warning] Setting lower_case_table_names=2 because file system for /var/lib/mysql/ is case insensitive
2022-01-24T01:06:11.411189Z 0 [Warning] InnoDB: New log files created, LSN=45790
2022-01-24T01:06:12.731354Z 0 [Warning] InnoDB: Creating foreign key constraint system tables.
2022-01-24T01:06:12.885130Z 0 [Warning] No existing UUID has been found, so we assume that this is the first time that this server has been started. Generating a new UUID: d2c5681f-7cb1-11ec-93f6-0242ac130002.
2022-01-24T01:06:12.903478Z 0 [Warning] Gtid table is not ready to be used. Table 'mysql.gtid_executed' cannot be opened.
2022-01-24T01:06:15.273099Z 0 [Warning] A deprecated TLS version TLSv1 is enabled. Please use TLSv1.2 or higher.
2022-01-24T01:06:15.275261Z 0 [Warning] A deprecated TLS version TLSv1.1 is enabled. Please use TLSv1.2 or higher.
2022-01-24T01:06:15.324489Z 0 [Warning] CA certificate ca.pem is self signed.
2022-01-24T01:06:15.848354Z 1 [Warning] root@localhost is created with an empty password ! Please consider switching off the --initialize-insecure option.
2022-01-24T01:06:26.022377Z 0 [Warning] TIMESTAMP with implicit DEFAULT value is deprecated. Please use --explicit_defaults_for_timestamp server option (see documentation for more details).
2022-01-24T01:06:26.033682Z 0 [Note] mysqld (mysqld 5.7.37) starting as process 79 ...
2022-01-24T01:06:26.043784Z 0 [Warning] Setting lower_case_table_names=2 because file system for /var/lib/mysql/ is case insensitive
2022-01-24T01:06:26.049405Z 0 [Note] InnoDB: PUNCH HOLE support available
2022-01-24T01:06:26.050139Z 0 [Note] InnoDB: Mutexes and rw_locks use GCC atomic builtins
2022-01-24T01:06:26.050875Z 0 [Note] InnoDB: Uses event mutexes
2022-01-24T01:06:26.051679Z 0 [Note] InnoDB: GCC builtin __atomic_thread_fence() is used for memory barrier
2022-01-24T01:06:26.052201Z 0 [Note] InnoDB: Compressed tables use zlib 1.2.11
2022-01-24T01:06:26.052789Z 0 [Note] InnoDB: Using Linux native AIO
2022-01-24T01:06:26.054067Z 0 [Note] InnoDB: Number of pools: 1
2022-01-24T01:06:26.056350Z 0 [Note] InnoDB: Using CPU crc32 instructions
2022-01-24T01:06:26.060203Z 0 [Note] InnoDB: Initializing buffer pool, total size = 128M, instances = 1, chunk size = 128M
2022-01-24T01:06:26.074721Z 0 [Note] InnoDB: Completed initialization of buffer pool
2022-01-24T01:06:26.079875Z 0 [Note] InnoDB: If the mysqld execution user is authorized, page cleaner thread priority can be changed. See the man page of setpriority().
2022-01-24T01:06:26.142572Z 0 [Note] InnoDB: Highest supported file format is Barracuda.
2022-01-24T01:06:26.309465Z 0 [Note] InnoDB: Creating shared tablespace for temporary tables
2022-01-24T01:06:26.313040Z 0 [Note] InnoDB: Setting file './ibtmp1' size to 12 MB. Physically writing the file full; Please wait ...
2022-01-24T01:06:26.399030Z 0 [Note] InnoDB: File './ibtmp1' size is now 12 MB.
2022-01-24T01:06:26.409879Z 0 [Note] InnoDB: 96 redo rollback segment(s) found. 96 redo rollback segment(s) are active.
2022-01-24T01:06:26.410601Z 0 [Note] InnoDB: 32 non-redo rollback segment(s) are active.
2022-01-24T01:06:26.411817Z 0 [Note] InnoDB: Waiting for purge to start
2022-01-24T01:06:26.463305Z 0 [Note] InnoDB: 5.7.37 started; log sequence number 2750390
2022-01-24T01:06:26.464513Z 0 [Note] InnoDB: Loading buffer pool(s) from /var/lib/mysql/ib_buffer_pool
2022-01-24T01:06:26.464607Z 0 [Note] Plugin 'FEDERATED' is disabled.
2022-01-24T01:06:26.579678Z 0 [Note] Found ca.pem, server-cert.pem and server-key.pem in data directory. Trying to enable SSL support using them.
2022-01-24T01:06:26.580990Z 0 [Note] Skipping generation of SSL certificates as certificate files are present in data directory.
2022-01-24T01:06:26.588610Z 0 [Warning] A deprecated TLS version TLSv1 is enabled. Please use TLSv1.2 or higher.
2022-01-24T01:06:26.591254Z 0 [Warning] A deprecated TLS version TLSv1.1 is enabled. Please use TLSv1.2 or higher.
2022-01-24T01:06:26.596155Z 0 [Note] InnoDB: Buffer pool(s) load completed at 220124 10:06:26
2022-01-24T01:06:26.602731Z 0 [Warning] CA certificate ca.pem is self signed.
2022-01-24T01:06:26.604293Z 0 [Note] Skipping generation of RSA key pair as key files are present in data directory.
2022-01-24T01:06:26.613118Z 0 [Warning] Insecure configuration for --pid-file: Location '/var/run/mysqld' in the path is accessible to all OS users. Consider choosing a different directory.
2022-01-24T01:06:27.135552Z 0 [Note] Event Scheduler: Loaded 0 events
2022-01-24T01:06:27.137294Z 0 [Note] mysqld: ready for connections.
Version: '5.7.37'  socket: '/var/run/mysqld/mysqld.sock'  port: 0  MySQL Community Server (GPL)
2022-01-24T01:06:30.549284Z 0 [Note] Giving 0 client threads a chance to die gracefully
2022-01-24T01:06:30.550247Z 0 [Note] Shutting down slave threads
2022-01-24T01:06:30.550951Z 0 [Note] Forcefully disconnecting 0 remaining clients
2022-01-24T01:06:30.551813Z 0 [Note] Event Scheduler: Purging the queue. 0 events
2022-01-24T01:06:30.553183Z 0 [Note] Binlog end
2022-01-24T01:06:30.561186Z 0 [Note] Shutting down plugin 'ngram'
2022-01-24T01:06:30.563241Z 0 [Note] Shutting down plugin 'partition'
2022-01-24T01:06:30.564516Z 0 [Note] Shutting down plugin 'BLACKHOLE'
2022-01-24T01:06:30.565904Z 0 [Note] Shutting down plugin 'ARCHIVE'
2022-01-24T01:06:30.567076Z 0 [Note] Shutting down plugin 'PERFORMANCE_SCHEMA'
2022-01-24T01:06:30.567872Z 0 [Note] Shutting down plugin 'MRG_MYISAM'
2022-01-24T01:06:30.569124Z 0 [Note] Shutting down plugin 'MyISAM'
2022-01-24T01:06:30.569820Z 0 [Note] Shutting down plugin 'INNODB_SYS_VIRTUAL'
2022-01-24T01:06:30.570706Z 0 [Note] Shutting down plugin 'INNODB_SYS_DATAFILES'
2022-01-24T01:06:30.573051Z 0 [Note] Shutting down plugin 'INNODB_SYS_TABLESPACES'
2022-01-24T01:06:30.574162Z 0 [Note] Shutting down plugin 'INNODB_SYS_FOREIGN_COLS'
2022-01-24T01:06:30.574771Z 0 [Note] Shutting down plugin 'INNODB_SYS_FOREIGN'
2022-01-24T01:06:30.575908Z 0 [Note] Shutting down plugin 'INNODB_SYS_FIELDS'
2022-01-24T01:06:30.576601Z 0 [Note] Shutting down plugin 'INNODB_SYS_COLUMNS'
2022-01-24T01:06:30.577278Z 0 [Note] Shutting down plugin 'INNODB_SYS_INDEXES'
2022-01-24T01:06:30.578175Z 0 [Note] Shutting down plugin 'INNODB_SYS_TABLESTATS'
2022-01-24T01:06:30.579147Z 0 [Note] Shutting down plugin 'INNODB_SYS_TABLES'
2022-01-24T01:06:30.579885Z 0 [Note] Shutting down plugin 'INNODB_FT_INDEX_TABLE'
2022-01-24T01:06:30.580781Z 0 [Note] Shutting down plugin 'INNODB_FT_INDEX_CACHE'
2022-01-24T01:06:30.581609Z 0 [Note] Shutting down plugin 'INNODB_FT_CONFIG'
2022-01-24T01:06:30.582326Z 0 [Note] Shutting down plugin 'INNODB_FT_BEING_DELETED'
2022-01-24T01:06:30.583133Z 0 [Note] Shutting down plugin 'INNODB_FT_DELETED'
2022-01-24T01:06:30.584048Z 0 [Note] Shutting down plugin 'INNODB_FT_DEFAULT_STOPWORD'
2022-01-24T01:06:30.584776Z 0 [Note] Shutting down plugin 'INNODB_METRICS'
2022-01-24T01:06:30.585773Z 0 [Note] Shutting down plugin 'INNODB_TEMP_TABLE_INFO'
2022-01-24T01:06:30.586359Z 0 [Note] Shutting down plugin 'INNODB_BUFFER_POOL_STATS'
2022-01-24T01:06:30.587181Z 0 [Note] Shutting down plugin 'INNODB_BUFFER_PAGE_LRU'
2022-01-24T01:06:30.588028Z 0 [Note] Shutting down plugin 'INNODB_BUFFER_PAGE'
2022-01-24T01:06:30.588958Z 0 [Note] Shutting down plugin 'INNODB_CMP_PER_INDEX_RESET'
2022-01-24T01:06:30.589835Z 0 [Note] Shutting down plugin 'INNODB_CMP_PER_INDEX'
2022-01-24T01:06:30.590739Z 0 [Note] Shutting down plugin 'INNODB_CMPMEM_RESET'
2022-01-24T01:06:30.591640Z 0 [Note] Shutting down plugin 'INNODB_CMPMEM'
2022-01-24T01:06:30.592507Z 0 [Note] Shutting down plugin 'INNODB_CMP_RESET'
2022-01-24T01:06:30.593312Z 0 [Note] Shutting down plugin 'INNODB_CMP'
2022-01-24T01:06:30.594102Z 0 [Note] Shutting down plugin 'INNODB_LOCK_WAITS'
2022-01-24T01:06:30.594862Z 0 [Note] Shutting down plugin 'INNODB_LOCKS'
2022-01-24T01:06:30.595697Z 0 [Note] Shutting down plugin 'INNODB_TRX'
2022-01-24T01:06:30.596546Z 0 [Note] Shutting down plugin 'InnoDB'
2022-01-24T01:06:30.597645Z 0 [Note] InnoDB: FTS optimize thread exiting.
2022-01-24T01:06:30.599671Z 0 [Note] InnoDB: Starting shutdown...
2022-01-24T01:06:30.702583Z 0 [Note] InnoDB: Dumping buffer pool(s) to /var/lib/mysql/ib_buffer_pool
2022-01-24T01:06:30.728072Z 0 [Note] InnoDB: Buffer pool(s) dump completed at 220124 10:06:30
2022-01-24T01:06:33.048897Z 0 [Note] InnoDB: Shutdown completed; log sequence number 12660478
2022-01-24T01:06:33.052877Z 0 [Note] InnoDB: Removed temporary tablespace data file: "ibtmp1"
2022-01-24T01:06:33.054620Z 0 [Note] Shutting down plugin 'MEMORY'
2022-01-24T01:06:33.055472Z 0 [Note] Shutting down plugin 'CSV'
2022-01-24T01:06:33.055945Z 0 [Note] Shutting down plugin 'sha256_password'
2022-01-24T01:06:33.056936Z 0 [Note] Shutting down plugin 'mysql_native_password'
2022-01-24T01:06:33.058484Z 0 [Note] Shutting down plugin 'binlog'
2022-01-24T01:06:33.066659Z 0 [Note] mysqld: Shutdown complete

2022-01-24T01:06:33.789832Z 0 [Warning] TIMESTAMP with implicit DEFAULT value is deprecated. Please use --explicit_defaults_for_timestamp server option (see documentation for more details).
2022-01-24T01:06:33.861346Z 0 [Note] mysqld (mysqld 5.7.37) starting as process 1 ...
2022-01-24T01:06:33.878454Z 0 [Warning] Setting lower_case_table_names=2 because file system for /var/lib/mysql/ is case insensitive
2022-01-24T01:06:33.886314Z 0 [Note] InnoDB: PUNCH HOLE support available
2022-01-24T01:06:33.888334Z 0 [Note] InnoDB: Mutexes and rw_locks use GCC atomic builtins
2022-01-24T01:06:33.889643Z 0 [Note] InnoDB: Uses event mutexes
2022-01-24T01:06:33.891002Z 0 [Note] InnoDB: GCC builtin __atomic_thread_fence() is used for memory barrier
2022-01-24T01:06:33.891988Z 0 [Note] InnoDB: Compressed tables use zlib 1.2.11
2022-01-24T01:06:33.894132Z 0 [Note] InnoDB: Using Linux native AIO
2022-01-24T01:06:33.896304Z 0 [Note] InnoDB: Number of pools: 1
2022-01-24T01:06:33.899375Z 0 [Note] InnoDB: Using CPU crc32 instructions
2022-01-24T01:06:33.901818Z 0 [Note] InnoDB: Initializing buffer pool, total size = 128M, instances = 1, chunk size = 128M
2022-01-24T01:06:33.920027Z 0 [Note] InnoDB: Completed initialization of buffer pool
2022-01-24T01:06:33.926315Z 0 [Note] InnoDB: If the mysqld execution user is authorized, page cleaner thread priority can be changed. See the man page of setpriority().
2022-01-24T01:06:34.010185Z 0 [Note] InnoDB: Highest supported file format is Barracuda.
2022-01-24T01:06:34.254268Z 0 [Note] InnoDB: Creating shared tablespace for temporary tables
2022-01-24T01:06:34.259340Z 0 [Note] InnoDB: Setting file './ibtmp1' size to 12 MB. Physically writing the file full; Please wait ...
2022-01-24T01:06:34.407587Z 0 [Note] InnoDB: File './ibtmp1' size is now 12 MB.
2022-01-24T01:06:34.421503Z 0 [Note] InnoDB: 96 redo rollback segment(s) found. 96 redo rollback segment(s) are active.
2022-01-24T01:06:34.422906Z 0 [Note] InnoDB: 32 non-redo rollback segment(s) are active.
2022-01-24T01:06:34.424997Z 0 [Note] InnoDB: 5.7.37 started; log sequence number 12660478
2022-01-24T01:06:34.428148Z 0 [Note] InnoDB: Loading buffer pool(s) from /var/lib/mysql/ib_buffer_pool
2022-01-24T01:06:34.429527Z 0 [Note] Plugin 'FEDERATED' is disabled.
2022-01-24T01:06:34.511640Z 0 [Note] Found ca.pem, server-cert.pem and server-key.pem in data directory. Trying to enable SSL support using them.
2022-01-24T01:06:34.513762Z 0 [Note] Skipping generation of SSL certificates as certificate files are present in data directory.
2022-01-24T01:06:34.518451Z 0 [Warning] A deprecated TLS version TLSv1 is enabled. Please use TLSv1.2 or higher.
2022-01-24T01:06:34.520543Z 0 [Warning] A deprecated TLS version TLSv1.1 is enabled. Please use TLSv1.2 or higher.
2022-01-24T01:06:34.542913Z 0 [Warning] CA certificate ca.pem is self signed.
2022-01-24T01:06:34.546999Z 0 [Note] Skipping generation of RSA key pair as key files are present in data directory.
2022-01-24T01:06:34.556813Z 0 [Note] Server hostname (bind-address): '*'; port: 3306
2022-01-24T01:06:34.559446Z 0 [Note] IPv6 is available.
2022-01-24T01:06:34.566831Z 0 [Note]   - '::' resolves to '::';
2022-01-24T01:06:34.574385Z 0 [Note] Server socket created on IP: '::'.
2022-01-24T01:06:34.583504Z 0 [Warning] Insecure configuration for --pid-file: Location '/var/run/mysqld' in the path is accessible to all OS users. Consider choosing a different directory.
2022-01-24T01:06:34.625374Z 0 [Note] InnoDB: Buffer pool(s) load completed at 220124 10:06:34
2022-01-24T01:06:34.976860Z 0 [Note] Event Scheduler: Loaded 0 events
2022-01-24T01:06:34.978537Z 0 [Note] mysqld: ready for connections.
Version: '5.7.37'  socket: '/var/run/mysqld/mysqld.sock'  port: 3306  MySQL Community Server (GPL)
2022-01-24T23:20:11.483339Z 0 [Warning] TIMESTAMP with implicit DEFAULT value is deprecated. Please use --explicit_defaults_for_timestamp server option (see documentation for more details).
2022-01-24T23:20:11.495018Z 0 [Note] mysqld (mysqld 5.7.37) starting as process 1 ...
2022-01-24T23:20:11.511477Z 0 [Warning] Setting lower_case_table_names=2 because file system for /var/lib/mysql/ is case insensitive
2022-01-24T23:20:11.524682Z 0 [Note] InnoDB: PUNCH HOLE support available
2022-01-24T23:20:11.525842Z 0 [Note] InnoDB: Mutexes and rw_locks use GCC atomic builtins
2022-01-24T23:20:11.526887Z 0 [Note] InnoDB: Uses event mutexes
2022-01-24T23:20:11.527937Z 0 [Note] InnoDB: GCC builtin __atomic_thread_fence() is used for memory barrier
2022-01-24T23:20:11.529324Z 0 [Note] InnoDB: Compressed tables use zlib 1.2.11
2022-01-24T23:20:11.530650Z 0 [Note] InnoDB: Using Linux native AIO
2022-01-24T23:20:11.535066Z 0 [Note] InnoDB: Number of pools: 1
2022-01-24T23:20:11.538654Z 0 [Note] InnoDB: Using CPU crc32 instructions
2022-01-24T23:20:11.544300Z 0 [Note] InnoDB: Initializing buffer pool, total size = 128M, instances = 1, chunk size = 128M
2022-01-24T23:20:11.566162Z 0 [Note] InnoDB: Completed initialization of buffer pool
2022-01-24T23:20:11.574331Z 0 [Note] InnoDB: If the mysqld execution user is authorized, page cleaner thread priority can be changed. See the man page of setpriority().
2022-01-24T23:20:11.727449Z 0 [Note] InnoDB: Highest supported file format is Barracuda.
2022-01-24T23:20:11.735728Z 0 [Note] InnoDB: Log scan progressed past the checkpoint lsn 12660497
2022-01-24T23:20:11.736893Z 0 [Note] InnoDB: Doing recovery: scanned up to log sequence number 12660506
2022-01-24T23:20:11.737732Z 0 [Note] InnoDB: Database was not shutdown normally!
2022-01-24T23:20:11.738537Z 0 [Note] InnoDB: Starting crash recovery.
2022-01-24T23:20:12.035120Z 0 [Note] InnoDB: Removed temporary tablespace data file: "ibtmp1"
2022-01-24T23:20:12.036000Z 0 [Note] InnoDB: Creating shared tablespace for temporary tables
2022-01-24T23:20:12.041332Z 0 [Note] InnoDB: Setting file './ibtmp1' size to 12 MB. Physically writing the file full; Please wait ...
2022-01-24T23:20:12.165598Z 0 [Note] InnoDB: File './ibtmp1' size is now 12 MB.
2022-01-24T23:20:12.174984Z 0 [Note] InnoDB: 96 redo rollback segment(s) found. 96 redo rollback segment(s) are active.
2022-01-24T23:20:12.175769Z 0 [Note] InnoDB: 32 non-redo rollback segment(s) are active.
2022-01-24T23:20:12.176737Z 0 [Note] InnoDB: Waiting for purge to start
2022-01-24T23:20:12.227797Z 0 [Note] InnoDB: 5.7.37 started; log sequence number 12660506
2022-01-24T23:20:12.229854Z 0 [Note] Plugin 'FEDERATED' is disabled.
2022-01-24T23:20:12.229998Z 0 [Note] InnoDB: Loading buffer pool(s) from /var/lib/mysql/ib_buffer_pool
2022-01-24T23:20:12.281742Z 0 [Note] Found ca.pem, server-cert.pem and server-key.pem in data directory. Trying to enable SSL support using them.
2022-01-24T23:20:12.282986Z 0 [Note] Skipping generation of SSL certificates as certificate files are present in data directory.
2022-01-24T23:20:12.284120Z 0 [Warning] A deprecated TLS version TLSv1 is enabled. Please use TLSv1.2 or higher.
2022-01-24T23:20:12.285371Z 0 [Warning] A deprecated TLS version TLSv1.1 is enabled. Please use TLSv1.2 or higher.
2022-01-24T23:20:12.310882Z 0 [Warning] CA certificate ca.pem is self signed.
2022-01-24T23:20:12.315383Z 0 [Note] Skipping generation of RSA key pair as key files are present in data directory.
2022-01-24T23:20:12.324306Z 0 [Note] Server hostname (bind-address): '*'; port: 3306
2022-01-24T23:20:12.328129Z 0 [Note] IPv6 is available.
2022-01-24T23:20:12.328779Z 0 [Note]   - '::' resolves to '::';
2022-01-24T23:20:12.329407Z 0 [Note] Server socket created on IP: '::'.
2022-01-24T23:20:12.326944Z 0 [Note] InnoDB: Buffer pool(s) load completed at 220125  8:20:12
2022-01-24T23:20:12.333813Z 0 [Warning] Insecure configuration for --pid-file: Location '/var/run/mysqld' in the path is accessible to all OS users. Consider choosing a different directory.
2022-01-24T23:20:12.684668Z 0 [Note] Event Scheduler: Loaded 0 events
2022-01-24T23:20:12.685459Z 0 [Note] mysqld: ready for connections.
Version: '5.7.37'  socket: '/var/run/mysqld/mysqld.sock'  port: 3306  MySQL Community Server (GPL)
2022-01-25T00:36:21.226648Z 0 [Note] InnoDB: page_cleaner: 1000ms intended loop took 624366ms. The settings might not be optimal. (flushed=0 and evicted=0, during the time.)
